[1.370s] Invoking command in '/home/william/ETLS699_tb_stoplight/tb_stoplight': PYTHONPATH=/home/william/ETLS699_tb_stoplight/build/tb_stoplight/prefix_override:/home/william/ETLS699_tb_stoplight/install/tb_stoplight/lib/python3.8/site-packages:${PYTHONPATH} /usr/bin/python3 setup.py egg_info --egg-base ../build/tb_stoplight build --build-base /home/william/ETLS699_tb_stoplight/build/tb_stoplight/build install --record /home/william/ETLS699_tb_stoplight/build/tb_stoplight/install.log --install-scripts $base/lib/tb_stoplight --single-version-externally-managed
[1.682s] running egg_info
[1.683s] writing ../build/tb_stoplight/tb_stoplight.egg-info/PKG-INFO
[1.683s] writing dependency_links to ../build/tb_stoplight/tb_stoplight.egg-info/dependency_links.txt
[1.684s] writing entry points to ../build/tb_stoplight/tb_stoplight.egg-info/entry_points.txt
[1.684s] writing requirements to ../build/tb_stoplight/tb_stoplight.egg-info/requires.txt
[1.684s] writing top-level names to ../build/tb_stoplight/tb_stoplight.egg-info/top_level.txt
[1.737s] reading manifest file '../build/tb_stoplight/tb_stoplight.egg-info/SOURCES.txt'
[1.739s] writing manifest file '../build/tb_stoplight/tb_stoplight.egg-info/SOURCES.txt'
[1.739s] running build
[1.739s] running build_py
[1.739s] copying tb_stoplight/ml_interpretor.py -> /home/william/ETLS699_tb_stoplight/build/tb_stoplight/build/lib/tb_stoplight
[1.740s] running install
[1.741s] running install_lib
[1.742s] copying /home/william/ETLS699_tb_stoplight/build/tb_stoplight/build/lib/tb_stoplight/ml_interpretor.py -> /home/william/ETLS699_tb_stoplight/install/tb_stoplight/lib/python3.8/site-packages/tb_stoplight
[1.743s] byte-compiling /home/william/ETLS699_tb_stoplight/install/tb_stoplight/lib/python3.8/site-packages/tb_stoplight/ml_interpretor.py to ml_interpretor.cpython-38.pyc
[1.746s] running install_data
[1.746s] running install_egg_info
[1.748s] removing '/home/william/ETLS699_tb_stoplight/install/tb_stoplight/lib/python3.8/site-packages/tb_stoplight-0.0.0-py3.8.egg-info' (and everything under it)
[1.749s] Copying ../build/tb_stoplight/tb_stoplight.egg-info to /home/william/ETLS699_tb_stoplight/install/tb_stoplight/lib/python3.8/site-packages/tb_stoplight-0.0.0-py3.8.egg-info
[1.750s] running install_scripts
[1.775s] Installing image_publisher script to /home/william/ETLS699_tb_stoplight/install/tb_stoplight/lib/tb_stoplight
[1.775s] Installing image_subscriber script to /home/william/ETLS699_tb_stoplight/install/tb_stoplight/lib/tb_stoplight
[1.775s] Installing interpretor script to /home/william/ETLS699_tb_stoplight/install/tb_stoplight/lib/tb_stoplight
[1.775s] Installing ml_interpretor script to /home/william/ETLS699_tb_stoplight/install/tb_stoplight/lib/tb_stoplight
[1.776s] Installing override script to /home/william/ETLS699_tb_stoplight/install/tb_stoplight/lib/tb_stoplight
[1.776s] Installing teleop script to /home/william/ETLS699_tb_stoplight/install/tb_stoplight/lib/tb_stoplight
[1.776s] writing list of installed files to '/home/william/ETLS699_tb_stoplight/build/tb_stoplight/install.log'
[1.806s] Invoked command in '/home/william/ETLS699_tb_stoplight/tb_stoplight' returned '0': PYTHONPATH=/home/william/ETLS699_tb_stoplight/build/tb_stoplight/prefix_override:/home/william/ETLS699_tb_stoplight/install/tb_stoplight/lib/python3.8/site-packages:${PYTHONPATH} /usr/bin/python3 setup.py egg_info --egg-base ../build/tb_stoplight build --build-base /home/william/ETLS699_tb_stoplight/build/tb_stoplight/build install --record /home/william/ETLS699_tb_stoplight/build/tb_stoplight/install.log --install-scripts $base/lib/tb_stoplight --single-version-externally-managed
