/home/william/ETLS699_tb_stoplight/install/tb_stoplight/lib/python3.8/site-packages/tb_stoplight/ml_interpretor.py
/home/william/ETLS699_tb_stoplight/install/tb_stoplight/lib/python3.8/site-packages/tb_stoplight/image_publisher.py
/home/william/ETLS699_tb_stoplight/install/tb_stoplight/lib/python3.8/site-packages/tb_stoplight/manual_override.py
/home/william/ETLS699_tb_stoplight/install/tb_stoplight/lib/python3.8/site-packages/tb_stoplight/stoplight_interpretor.py
/home/william/ETLS699_tb_stoplight/install/tb_stoplight/lib/python3.8/site-packages/tb_stoplight/__init__.py
/home/william/ETLS699_tb_stoplight/install/tb_stoplight/lib/python3.8/site-packages/tb_stoplight/teleop.py
/home/william/ETLS699_tb_stoplight/install/tb_stoplight/lib/python3.8/site-packages/tb_stoplight/image_subscriber.py
/home/william/ETLS699_tb_stoplight/install/tb_stoplight/lib/python3.8/site-packages/tb_stoplight/__pycache__/ml_interpretor.cpython-38.pyc
/home/william/ETLS699_tb_stoplight/install/tb_stoplight/lib/python3.8/site-packages/tb_stoplight/__pycache__/image_publisher.cpython-38.pyc
/home/william/ETLS699_tb_stoplight/install/tb_stoplight/lib/python3.8/site-packages/tb_stoplight/__pycache__/manual_override.cpython-38.pyc
/home/william/ETLS699_tb_stoplight/install/tb_stoplight/lib/python3.8/site-packages/tb_stoplight/__pycache__/stoplight_interpretor.cpython-38.pyc
/home/william/ETLS699_tb_stoplight/install/tb_stoplight/lib/python3.8/site-packages/tb_stoplight/__pycache__/__init__.cpython-38.pyc
/home/william/ETLS699_tb_stoplight/install/tb_stoplight/lib/python3.8/site-packages/tb_stoplight/__pycache__/teleop.cpython-38.pyc
/home/william/ETLS699_tb_stoplight/install/tb_stoplight/lib/python3.8/site-packages/tb_stoplight/__pycache__/image_subscriber.cpython-38.pyc
/home/william/ETLS699_tb_stoplight/install/tb_stoplight/share/ament_index/resource_index/packages/tb_stoplight
/home/william/ETLS699_tb_stoplight/install/tb_stoplight/share/tb_stoplight/package.xml
/home/william/ETLS699_tb_stoplight/install/tb_stoplight/lib/python3.8/site-packages/tb_stoplight-0.0.0-py3.8.egg-info/PKG-INFO
/home/william/ETLS699_tb_stoplight/install/tb_stoplight/lib/python3.8/site-packages/tb_stoplight-0.0.0-py3.8.egg-info/zip-safe
/home/william/ETLS699_tb_stoplight/install/tb_stoplight/lib/python3.8/site-packages/tb_stoplight-0.0.0-py3.8.egg-info/entry_points.txt
/home/william/ETLS699_tb_stoplight/install/tb_stoplight/lib/python3.8/site-packages/tb_stoplight-0.0.0-py3.8.egg-info/SOURCES.txt
/home/william/ETLS699_tb_stoplight/install/tb_stoplight/lib/python3.8/site-packages/tb_stoplight-0.0.0-py3.8.egg-info/top_level.txt
/home/william/ETLS699_tb_stoplight/install/tb_stoplight/lib/python3.8/site-packages/tb_stoplight-0.0.0-py3.8.egg-info/requires.txt
/home/william/ETLS699_tb_stoplight/install/tb_stoplight/lib/python3.8/site-packages/tb_stoplight-0.0.0-py3.8.egg-info/dependency_links.txt
/home/william/ETLS699_tb_stoplight/install/tb_stoplight/lib/tb_stoplight/image_publisher
/home/william/ETLS699_tb_stoplight/install/tb_stoplight/lib/tb_stoplight/image_subscriber
/home/william/ETLS699_tb_stoplight/install/tb_stoplight/lib/tb_stoplight/interpretor
/home/william/ETLS699_tb_stoplight/install/tb_stoplight/lib/tb_stoplight/ml_interpretor
/home/william/ETLS699_tb_stoplight/install/tb_stoplight/lib/tb_stoplight/override
/home/william/ETLS699_tb_stoplight/install/tb_stoplight/lib/tb_stoplight/teleop
