[1.315s] Invoking command in '/home/william/ETLS699_tb_stoplight/tb_stoplight': PYTHONPATH=/home/william/ETLS699_tb_stoplight/build/tb_stoplight/prefix_override:/home/william/ETLS699_tb_stoplight/install/tb_stoplight/lib/python3.8/site-packages:${PYTHONPATH} /usr/bin/python3 setup.py egg_info --egg-base ../build/tb_stoplight build --build-base /home/william/ETLS699_tb_stoplight/build/tb_stoplight/build install --record /home/william/ETLS699_tb_stoplight/build/tb_stoplight/install.log --install-scripts $base/lib/tb_stoplight --single-version-externally-managed
[1.589s] running egg_info
[1.589s] writing ../build/tb_stoplight/tb_stoplight.egg-info/PKG-INFO
[1.590s] writing dependency_links to ../build/tb_stoplight/tb_stoplight.egg-info/dependency_links.txt
[1.590s] writing entry points to ../build/tb_stoplight/tb_stoplight.egg-info/entry_points.txt
[1.590s] writing requirements to ../build/tb_stoplight/tb_stoplight.egg-info/requires.txt
[1.590s] writing top-level names to ../build/tb_stoplight/tb_stoplight.egg-info/top_level.txt
[1.634s] reading manifest file '../build/tb_stoplight/tb_stoplight.egg-info/SOURCES.txt'
[1.635s] writing manifest file '../build/tb_stoplight/tb_stoplight.egg-info/SOURCES.txt'
[1.635s] running build
[1.635s] running build_py
[1.635s] copying tb_stoplight/ml_interpretor.py -> /home/william/ETLS699_tb_stoplight/build/tb_stoplight/build/lib/tb_stoplight
[1.636s] running install
[1.637s] running install_lib
[1.638s] copying /home/william/ETLS699_tb_stoplight/build/tb_stoplight/build/lib/tb_stoplight/ml_interpretor.py -> /home/william/ETLS699_tb_stoplight/install/tb_stoplight/lib/python3.8/site-packages/tb_stoplight
[1.639s] byte-compiling /home/william/ETLS699_tb_stoplight/install/tb_stoplight/lib/python3.8/site-packages/tb_stoplight/ml_interpretor.py to ml_interpretor.cpython-38.pyc
[1.640s] running install_data
[1.641s] running install_egg_info
[1.642s] removing '/home/william/ETLS699_tb_stoplight/install/tb_stoplight/lib/python3.8/site-packages/tb_stoplight-0.0.0-py3.8.egg-info' (and everything under it)
[1.643s] Copying ../build/tb_stoplight/tb_stoplight.egg-info to /home/william/ETLS699_tb_stoplight/install/tb_stoplight/lib/python3.8/site-packages/tb_stoplight-0.0.0-py3.8.egg-info
[1.644s] running install_scripts
[1.666s] Installing image_publisher script to /home/william/ETLS699_tb_stoplight/install/tb_stoplight/lib/tb_stoplight
[1.666s] Installing image_subscriber script to /home/william/ETLS699_tb_stoplight/install/tb_stoplight/lib/tb_stoplight
[1.666s] Installing interpretor script to /home/william/ETLS699_tb_stoplight/install/tb_stoplight/lib/tb_stoplight
[1.667s] Installing ml_interpretor script to /home/william/ETLS699_tb_stoplight/install/tb_stoplight/lib/tb_stoplight
[1.667s] Installing override script to /home/william/ETLS699_tb_stoplight/install/tb_stoplight/lib/tb_stoplight
[1.667s] Installing teleop script to /home/william/ETLS699_tb_stoplight/install/tb_stoplight/lib/tb_stoplight
[1.667s] writing list of installed files to '/home/william/ETLS699_tb_stoplight/build/tb_stoplight/install.log'
[1.691s] Invoked command in '/home/william/ETLS699_tb_stoplight/tb_stoplight' returned '0': PYTHONPATH=/home/william/ETLS699_tb_stoplight/build/tb_stoplight/prefix_override:/home/william/ETLS699_tb_stoplight/install/tb_stoplight/lib/python3.8/site-packages:${PYTHONPATH} /usr/bin/python3 setup.py egg_info --egg-base ../build/tb_stoplight build --build-base /home/william/ETLS699_tb_stoplight/build/tb_stoplight/build install --record /home/william/ETLS699_tb_stoplight/build/tb_stoplight/install.log --install-scripts $base/lib/tb_stoplight --single-version-externally-managed
