[3.363s] DEBUG:colcon:Command line arguments: ['/usr/bin/colcon', 'build']
[3.363s] DEBUG:colcon:Parsed command line arguments: Namespace(allow_overriding=[], ament_cmake_args=None, base_paths=['.'], build_base='build', catkin_cmake_args=None, catkin_skip_building_tests=False, cmake_args=None, cmake_clean_cache=False, cmake_clean_first=False, cmake_force_configure=False, cmake_target=None, cmake_target_skip_unavailable=False, continue_on_error=False, event_handlers=None, executor='parallel', ignore_user_meta=False, install_base='install', log_base=None, log_level=None, main=<bound method BuildVerb.main of <colcon_core.verb.build.BuildVerb object at 0x7f4c246a64c0>>, merge_install=False, metas=['./colcon.meta'], packages_above=None, packages_above_and_dependencies=None, packages_above_depth=None, packages_end=None, packages_ignore=None, packages_ignore_regex=None, packages_select=None, packages_select_build_failed=False, packages_select_by_dep=None, packages_select_regex=None, packages_select_test_failures=False, packages_skip=None, packages_skip_build_finished=False, packages_skip_by_dep=None, packages_skip_regex=None, packages_skip_test_passed=False, packages_skip_up_to=None, packages_start=None, packages_up_to=None, packages_up_to_regex=None, parallel_workers=12, paths=None, symlink_install=False, test_result_base=None, verb_extension=<colcon_core.verb.build.BuildVerb object at 0x7f4c246a64c0>, verb_name='build', verb_parser=<colcon_defaults.argument_parser.defaults.DefaultArgumentsDecorator object at 0x7f4c24ef5f70>)
[3.507s] Level 1:colcon.colcon_core.package_discovery:discover_packages(colcon_meta) check parameters
[3.507s] Level 1:colcon.colcon_core.package_discovery:discover_packages(recursive) check parameters
[3.507s] Level 1:colcon.colcon_core.package_discovery:discover_packages(ignore) check parameters
[3.508s] Level 1:colcon.colcon_core.package_discovery:discover_packages(path) check parameters
[3.508s] Level 1:colcon.colcon_core.package_discovery:discover_packages(colcon_meta) discover
[3.508s] Level 1:colcon.colcon_core.package_discovery:discover_packages(recursive) discover
[3.508s] INFO:colcon.colcon_core.package_discovery:Crawling recursively for packages in '/home/william/ETLS699_tb_stoplight'
[3.508s] Level 1:colcon.colcon_core.package_identification:_identify(.) by extensions ['ignore', 'ignore_ament_install']
[3.508s] Level 1:colcon.colcon_core.package_identification:_identify(.) by extension 'ignore'
[3.508s] Level 1:colcon.colcon_core.package_identification:_identify(.) by extension 'ignore_ament_install'
[3.508s] Level 1:colcon.colcon_core.package_identification:_identify(.) by extensions ['colcon_pkg']
[3.508s] Level 1:colcon.colcon_core.package_identification:_identify(.) by extension 'colcon_pkg'
[3.508s] Level 1:colcon.colcon_core.package_identification:_identify(.) by extensions ['colcon_meta']
[3.508s] Level 1:colcon.colcon_core.package_identification:_identify(.) by extension 'colcon_meta'
[3.508s] Level 1:colcon.colcon_core.package_identification:_identify(.) by extensions ['ros']
[3.508s] Level 1:colcon.colcon_core.package_identification:_identify(.) by extension 'ros'
[3.524s] Level 1:colcon.colcon_core.package_identification:_identify(.) by extensions ['cmake', 'python']
[3.524s] Level 1:colcon.colcon_core.package_identification:_identify(.) by extension 'cmake'
[3.524s] Level 1:colcon.colcon_core.package_identification:_identify(.) by extension 'python'
[3.524s] Level 1:colcon.colcon_core.package_identification:_identify(.) by extensions ['python_setup_py']
[3.524s] Level 1:colcon.colcon_core.package_identification:_identify(.) by extension 'python_setup_py'
[3.524s] Level 1:colcon.colcon_core.package_identification:_identify(build) by extensions ['ignore', 'ignore_ament_install']
[3.524s] Level 1:colcon.colcon_core.package_identification:_identify(build) by extension 'ignore'
[3.524s] Level 1:colcon.colcon_core.package_identification:_identify(build) ignored
[3.525s] Level 1:colcon.colcon_core.package_identification:_identify(install) by extensions ['ignore', 'ignore_ament_install']
[3.525s] Level 1:colcon.colcon_core.package_identification:_identify(install) by extension 'ignore'
[3.525s] Level 1:colcon.colcon_core.package_identification:_identify(install) ignored
[3.525s] Level 1:colcon.colcon_core.package_identification:_identify(log) by extensions ['ignore', 'ignore_ament_install']
[3.525s] Level 1:colcon.colcon_core.package_identification:_identify(log) by extension 'ignore'
[3.525s] Level 1:colcon.colcon_core.package_identification:_identify(log) ignored
[3.526s] Level 1:colcon.colcon_core.package_identification:_identify(saved_images) by extensions ['ignore', 'ignore_ament_install']
[3.526s] Level 1:colcon.colcon_core.package_identification:_identify(saved_images) by extension 'ignore'
[3.526s] Level 1:colcon.colcon_core.package_identification:_identify(saved_images) by extension 'ignore_ament_install'
[3.526s] Level 1:colcon.colcon_core.package_identification:_identify(saved_images) by extensions ['colcon_pkg']
[3.526s] Level 1:colcon.colcon_core.package_identification:_identify(saved_images) by extension 'colcon_pkg'
[3.526s] Level 1:colcon.colcon_core.package_identification:_identify(saved_images) by extensions ['colcon_meta']
[3.526s] Level 1:colcon.colcon_core.package_identification:_identify(saved_images) by extension 'colcon_meta'
[3.526s] Level 1:colcon.colcon_core.package_identification:_identify(saved_images) by extensions ['ros']
[3.526s] Level 1:colcon.colcon_core.package_identification:_identify(saved_images) by extension 'ros'
[3.526s] Level 1:colcon.colcon_core.package_identification:_identify(saved_images) by extensions ['cmake', 'python']
[3.527s] Level 1:colcon.colcon_core.package_identification:_identify(saved_images) by extension 'cmake'
[3.527s] Level 1:colcon.colcon_core.package_identification:_identify(saved_images) by extension 'python'
[3.527s] Level 1:colcon.colcon_core.package_identification:_identify(saved_images) by extensions ['python_setup_py']
[3.527s] Level 1:colcon.colcon_core.package_identification:_identify(saved_images) by extension 'python_setup_py'
[3.527s] Level 1:colcon.colcon_core.package_identification:_identify(tb_stoplight) by extensions ['ignore', 'ignore_ament_install']
[3.527s] Level 1:colcon.colcon_core.package_identification:_identify(tb_stoplight) by extension 'ignore'
[3.527s] Level 1:colcon.colcon_core.package_identification:_identify(tb_stoplight) by extension 'ignore_ament_install'
[3.527s] Level 1:colcon.colcon_core.package_identification:_identify(tb_stoplight) by extensions ['colcon_pkg']
[3.527s] Level 1:colcon.colcon_core.package_identification:_identify(tb_stoplight) by extension 'colcon_pkg'
[3.527s] Level 1:colcon.colcon_core.package_identification:_identify(tb_stoplight) by extensions ['colcon_meta']
[3.527s] Level 1:colcon.colcon_core.package_identification:_identify(tb_stoplight) by extension 'colcon_meta'
[3.527s] Level 1:colcon.colcon_core.package_identification:_identify(tb_stoplight) by extensions ['ros']
[3.527s] Level 1:colcon.colcon_core.package_identification:_identify(tb_stoplight) by extension 'ros'
[3.531s] DEBUG:colcon.colcon_core.package_identification:Package 'tb_stoplight' with type 'ros.ament_python' and name 'tb_stoplight'
[3.532s] Level 1:colcon.colcon_core.package_identification:_identify(traffic_light_detection) by extensions ['ignore', 'ignore_ament_install']
[3.532s] Level 1:colcon.colcon_core.package_identification:_identify(traffic_light_detection) by extension 'ignore'
[3.532s] Level 1:colcon.colcon_core.package_identification:_identify(traffic_light_detection) by extension 'ignore_ament_install'
[3.532s] Level 1:colcon.colcon_core.package_identification:_identify(traffic_light_detection) by extensions ['colcon_pkg']
[3.532s] Level 1:colcon.colcon_core.package_identification:_identify(traffic_light_detection) by extension 'colcon_pkg'
[3.532s] Level 1:colcon.colcon_core.package_identification:_identify(traffic_light_detection) by extensions ['colcon_meta']
[3.532s] Level 1:colcon.colcon_core.package_identification:_identify(traffic_light_detection) by extension 'colcon_meta'
[3.532s] Level 1:colcon.colcon_core.package_identification:_identify(traffic_light_detection) by extensions ['ros']
[3.532s] Level 1:colcon.colcon_core.package_identification:_identify(traffic_light_detection) by extension 'ros'
[3.532s] Level 1:colcon.colcon_core.package_identification:_identify(traffic_light_detection) by extensions ['cmake', 'python']
[3.532s] Level 1:colcon.colcon_core.package_identification:_identify(traffic_light_detection) by extension 'cmake'
[3.532s] Level 1:colcon.colcon_core.package_identification:_identify(traffic_light_detection) by extension 'python'
[3.533s] Level 1:colcon.colcon_core.package_identification:_identify(traffic_light_detection) by extensions ['python_setup_py']
[3.533s] Level 1:colcon.colcon_core.package_identification:_identify(traffic_light_detection) by extension 'python_setup_py'
[3.533s] Level 1:colcon.colcon_core.package_identification:_identify(traffic_light_detection/CNN_1) by extensions ['ignore', 'ignore_ament_install']
[3.533s] Level 1:colcon.colcon_core.package_identification:_identify(traffic_light_detection/CNN_1) by extension 'ignore'
[3.533s] Level 1:colcon.colcon_core.package_identification:_identify(traffic_light_detection/CNN_1) by extension 'ignore_ament_install'
[3.533s] Level 1:colcon.colcon_core.package_identification:_identify(traffic_light_detection/CNN_1) by extensions ['colcon_pkg']
[3.533s] Level 1:colcon.colcon_core.package_identification:_identify(traffic_light_detection/CNN_1) by extension 'colcon_pkg'
[3.533s] Level 1:colcon.colcon_core.package_identification:_identify(traffic_light_detection/CNN_1) by extensions ['colcon_meta']
[3.533s] Level 1:colcon.colcon_core.package_identification:_identify(traffic_light_detection/CNN_1) by extension 'colcon_meta'
[3.533s] Level 1:colcon.colcon_core.package_identification:_identify(traffic_light_detection/CNN_1) by extensions ['ros']
[3.533s] Level 1:colcon.colcon_core.package_identification:_identify(traffic_light_detection/CNN_1) by extension 'ros'
[3.533s] Level 1:colcon.colcon_core.package_identification:_identify(traffic_light_detection/CNN_1) by extensions ['cmake', 'python']
[3.533s] Level 1:colcon.colcon_core.package_identification:_identify(traffic_light_detection/CNN_1) by extension 'cmake'
[3.534s] Level 1:colcon.colcon_core.package_identification:_identify(traffic_light_detection/CNN_1) by extension 'python'
[3.534s] Level 1:colcon.colcon_core.package_identification:_identify(traffic_light_detection/CNN_1) by extensions ['python_setup_py']
[3.534s] Level 1:colcon.colcon_core.package_identification:_identify(traffic_light_detection/CNN_1) by extension 'python_setup_py'
[3.534s] Level 1:colcon.colcon_core.package_identification:_identify(traffic_light_detection/CNN_1/variables) by extensions ['ignore', 'ignore_ament_install']
[3.534s] Level 1:colcon.colcon_core.package_identification:_identify(traffic_light_detection/CNN_1/variables) by extension 'ignore'
[3.534s] Level 1:colcon.colcon_core.package_identification:_identify(traffic_light_detection/CNN_1/variables) by extension 'ignore_ament_install'
[3.534s] Level 1:colcon.colcon_core.package_identification:_identify(traffic_light_detection/CNN_1/variables) by extensions ['colcon_pkg']
[3.534s] Level 1:colcon.colcon_core.package_identification:_identify(traffic_light_detection/CNN_1/variables) by extension 'colcon_pkg'
[3.534s] Level 1:colcon.colcon_core.package_identification:_identify(traffic_light_detection/CNN_1/variables) by extensions ['colcon_meta']
[3.534s] Level 1:colcon.colcon_core.package_identification:_identify(traffic_light_detection/CNN_1/variables) by extension 'colcon_meta'
[3.534s] Level 1:colcon.colcon_core.package_identification:_identify(traffic_light_detection/CNN_1/variables) by extensions ['ros']
[3.534s] Level 1:colcon.colcon_core.package_identification:_identify(traffic_light_detection/CNN_1/variables) by extension 'ros'
[3.535s] Level 1:colcon.colcon_core.package_identification:_identify(traffic_light_detection/CNN_1/variables) by extensions ['cmake', 'python']
[3.535s] Level 1:colcon.colcon_core.package_identification:_identify(traffic_light_detection/CNN_1/variables) by extension 'cmake'
[3.535s] Level 1:colcon.colcon_core.package_identification:_identify(traffic_light_detection/CNN_1/variables) by extension 'python'
[3.535s] Level 1:colcon.colcon_core.package_identification:_identify(traffic_light_detection/CNN_1/variables) by extensions ['python_setup_py']
[3.535s] Level 1:colcon.colcon_core.package_identification:_identify(traffic_light_detection/CNN_1/variables) by extension 'python_setup_py'
[3.535s] Level 1:colcon.colcon_core.package_discovery:discover_packages(recursive) using defaults
[3.535s] Level 1:colcon.colcon_core.package_discovery:discover_packages(ignore) discover
[3.535s] Level 1:colcon.colcon_core.package_discovery:discover_packages(ignore) using defaults
[3.535s] Level 1:colcon.colcon_core.package_discovery:discover_packages(path) discover
[3.535s] Level 1:colcon.colcon_core.package_discovery:discover_packages(path) using defaults
[3.861s] Level 1:colcon.colcon_core.package_discovery:discover_packages(prefix_path) check parameters
[3.861s] Level 1:colcon.colcon_core.package_discovery:discover_packages(prefix_path) discover
[3.981s] DEBUG:colcon.colcon_installed_package_information.package_discovery:Found 1 installed packages in /home/william/ETLS699_tb_stoplight/install
[4.046s] DEBUG:colcon.colcon_installed_package_information.package_discovery:Found 0 installed packages in /home/william/colcon_ws/install
[4.114s] DEBUG:colcon.colcon_installed_package_information.package_discovery:Found 334 installed packages in /opt/ros/foxy
[4.116s] Level 1:colcon.colcon_core.package_discovery:discover_packages(prefix_path) using defaults
[4.336s] Level 5:colcon.colcon_core.verb:set package 'tb_stoplight' build argument 'cmake_args' from command line to 'None'
[4.337s] Level 5:colcon.colcon_core.verb:set package 'tb_stoplight' build argument 'cmake_target' from command line to 'None'
[4.337s] Level 5:colcon.colcon_core.verb:set package 'tb_stoplight' build argument 'cmake_target_skip_unavailable' from command line to 'False'
[4.337s] Level 5:colcon.colcon_core.verb:set package 'tb_stoplight' build argument 'cmake_clean_cache' from command line to 'False'
[4.337s] Level 5:colcon.colcon_core.verb:set package 'tb_stoplight' build argument 'cmake_clean_first' from command line to 'False'
[4.337s] Level 5:colcon.colcon_core.verb:set package 'tb_stoplight' build argument 'cmake_force_configure' from command line to 'False'
[4.337s] Level 5:colcon.colcon_core.verb:set package 'tb_stoplight' build argument 'ament_cmake_args' from command line to 'None'
[4.337s] Level 5:colcon.colcon_core.verb:set package 'tb_stoplight' build argument 'catkin_cmake_args' from command line to 'None'
[4.337s] Level 5:colcon.colcon_core.verb:set package 'tb_stoplight' build argument 'catkin_skip_building_tests' from command line to 'False'
[4.337s] DEBUG:colcon.colcon_core.verb:Building package 'tb_stoplight' with the following arguments: {'ament_cmake_args': None, 'build_base': '/home/william/ETLS699_tb_stoplight/build/tb_stoplight', 'catkin_cmake_args': None, 'catkin_skip_building_tests': False, 'cmake_args': None, 'cmake_clean_cache': False, 'cmake_clean_first': False, 'cmake_force_configure': False, 'cmake_target': None, 'cmake_target_skip_unavailable': False, 'install_base': '/home/william/ETLS699_tb_stoplight/install/tb_stoplight', 'merge_install': False, 'path': '/home/william/ETLS699_tb_stoplight/tb_stoplight', 'symlink_install': False, 'test_result_base': None}
[4.390s] INFO:colcon.colcon_core.executor:Executing jobs using 'parallel' executor
[4.462s] DEBUG:colcon.colcon_parallel_executor.executor.parallel:run_until_complete
[4.463s] INFO:colcon.colcon_ros.task.ament_python.build:Building ROS package in '/home/william/ETLS699_tb_stoplight/tb_stoplight' with build type 'ament_python'
[4.463s] Level 1:colcon.colcon_core.shell:create_environment_hook('tb_stoplight', 'ament_prefix_path')
[4.522s] INFO:colcon.colcon_core.plugin_system:Skipping extension 'colcon_core.shell.bat': Not used on non-Windows systems
[4.523s] INFO:colcon.colcon_core.shell:Creating environment hook '/home/william/ETLS699_tb_stoplight/install/tb_stoplight/share/tb_stoplight/hook/ament_prefix_path.ps1'
[4.524s] INFO:colcon.colcon_core.shell:Creating environment descriptor '/home/william/ETLS699_tb_stoplight/install/tb_stoplight/share/tb_stoplight/hook/ament_prefix_path.dsv'
[4.524s] INFO:colcon.colcon_core.shell:Creating environment hook '/home/william/ETLS699_tb_stoplight/install/tb_stoplight/share/tb_stoplight/hook/ament_prefix_path.sh'
[4.581s] INFO:colcon.colcon_core.shell:Skip shell extension 'powershell' for command environment: Not usable outside of PowerShell
[4.582s] DEBUG:colcon.colcon_core.shell:Skip shell extension 'dsv' for command environment
[5.088s] INFO:colcon.colcon_core.task.python.build:Building Python package in '/home/william/ETLS699_tb_stoplight/tb_stoplight'
[5.150s] INFO:colcon.colcon_core.shell:Skip shell extension 'powershell' for command environment: Not usable outside of PowerShell
[5.150s] DEBUG:colcon.colcon_core.shell:Skip shell extension 'dsv' for command environment
[5.882s] DEBUG:colcon.colcon_core.event_handler.log_command:Invoking command in '/home/william/ETLS699_tb_stoplight/tb_stoplight': PYTHONPATH=/home/william/ETLS699_tb_stoplight/build/tb_stoplight/prefix_override:/home/william/ETLS699_tb_stoplight/install/tb_stoplight/lib/python3.8/site-packages:${PYTHONPATH} /usr/bin/python3 setup.py egg_info --egg-base ../build/tb_stoplight build --build-base /home/william/ETLS699_tb_stoplight/build/tb_stoplight/build install --record /home/william/ETLS699_tb_stoplight/build/tb_stoplight/install.log --install-scripts $base/lib/tb_stoplight --single-version-externally-managed
[6.287s] DEBUG:colcon.colcon_core.event_handler.log_command:Invoked command in '/home/william/ETLS699_tb_stoplight/tb_stoplight' returned '0': PYTHONPATH=/home/william/ETLS699_tb_stoplight/build/tb_stoplight/prefix_override:/home/william/ETLS699_tb_stoplight/install/tb_stoplight/lib/python3.8/site-packages:${PYTHONPATH} /usr/bin/python3 setup.py egg_info --egg-base ../build/tb_stoplight build --build-base /home/william/ETLS699_tb_stoplight/build/tb_stoplight/build install --record /home/william/ETLS699_tb_stoplight/build/tb_stoplight/install.log --install-scripts $base/lib/tb_stoplight --single-version-externally-managed
[6.354s] Level 1:colcon.colcon_core.environment:checking '/home/william/ETLS699_tb_stoplight/install/tb_stoplight' for CMake module files
[6.355s] Level 1:colcon.colcon_core.environment:checking '/home/william/ETLS699_tb_stoplight/install/tb_stoplight' for CMake config files
[6.356s] Level 1:colcon.colcon_core.environment:checking '/home/william/ETLS699_tb_stoplight/install/tb_stoplight/lib'
[6.356s] Level 1:colcon.colcon_core.environment:checking '/home/william/ETLS699_tb_stoplight/install/tb_stoplight/bin'
[6.356s] Level 1:colcon.colcon_core.environment:checking '/home/william/ETLS699_tb_stoplight/install/tb_stoplight/lib/pkgconfig/tb_stoplight.pc'
[6.357s] Level 1:colcon.colcon_core.environment:checking '/home/william/ETLS699_tb_stoplight/install/tb_stoplight/lib/python3.8/site-packages'
[6.357s] Level 1:colcon.colcon_core.shell:create_environment_hook('tb_stoplight', 'pythonpath')
[6.414s] INFO:colcon.colcon_core.shell:Creating environment hook '/home/william/ETLS699_tb_stoplight/install/tb_stoplight/share/tb_stoplight/hook/pythonpath.ps1'
[6.415s] INFO:colcon.colcon_core.shell:Creating environment descriptor '/home/william/ETLS699_tb_stoplight/install/tb_stoplight/share/tb_stoplight/hook/pythonpath.dsv'
[6.415s] INFO:colcon.colcon_core.shell:Creating environment hook '/home/william/ETLS699_tb_stoplight/install/tb_stoplight/share/tb_stoplight/hook/pythonpath.sh'
[6.416s] Level 1:colcon.colcon_core.environment:checking '/home/william/ETLS699_tb_stoplight/install/tb_stoplight/bin'
[6.416s] Level 1:colcon.colcon_core.environment:create_environment_scripts_only(tb_stoplight)
[6.476s] INFO:colcon.colcon_core.shell:Creating package script '/home/william/ETLS699_tb_stoplight/install/tb_stoplight/share/tb_stoplight/package.ps1'
[6.478s] INFO:colcon.colcon_core.shell:Creating package descriptor '/home/william/ETLS699_tb_stoplight/install/tb_stoplight/share/tb_stoplight/package.dsv'
[6.478s] INFO:colcon.colcon_core.shell:Creating package script '/home/william/ETLS699_tb_stoplight/install/tb_stoplight/share/tb_stoplight/package.sh'
[6.479s] INFO:colcon.colcon_core.shell:Creating package script '/home/william/ETLS699_tb_stoplight/install/tb_stoplight/share/tb_stoplight/package.bash'
[6.480s] INFO:colcon.colcon_core.shell:Creating package script '/home/william/ETLS699_tb_stoplight/install/tb_stoplight/share/tb_stoplight/package.zsh'
[6.481s] Level 1:colcon.colcon_core.environment:create_file_with_runtime_dependencies(/home/william/ETLS699_tb_stoplight/install/tb_stoplight/share/colcon-core/packages/tb_stoplight)
[6.482s] DEBUG:colcon.colcon_parallel_executor.executor.parallel:closing loop
[6.482s] DEBUG:colcon.colcon_parallel_executor.executor.parallel:loop closed
[6.482s] DEBUG:colcon.colcon_parallel_executor.executor.parallel:run_until_complete finished with '0'
[6.482s] DEBUG:colcon.colcon_core.event_reactor:joining thread
[6.549s] INFO:colcon.colcon_core.plugin_system:Skipping extension 'colcon_notification.desktop_notification.terminal_notifier': Not used on non-Darwin systems
[6.549s] INFO:colcon.colcon_core.plugin_system:Skipping extension 'colcon_notification.desktop_notification.win32': Not used on non-Windows systems
[6.549s] INFO:colcon.colcon_notification.desktop_notification:Sending desktop notification using 'notify2'
[6.570s] DEBUG:colcon.colcon_core.event_reactor:joined thread
[6.700s] INFO:colcon.colcon_core.shell:Creating prefix script '/home/william/ETLS699_tb_stoplight/install/local_setup.ps1'
[6.702s] INFO:colcon.colcon_core.shell:Creating prefix util module '/home/william/ETLS699_tb_stoplight/install/_local_setup_util_ps1.py'
[6.704s] INFO:colcon.colcon_core.shell:Creating prefix chain script '/home/william/ETLS699_tb_stoplight/install/setup.ps1'
[6.767s] INFO:colcon.colcon_core.shell:Creating prefix script '/home/william/ETLS699_tb_stoplight/install/local_setup.sh'
[6.768s] INFO:colcon.colcon_core.shell:Creating prefix util module '/home/william/ETLS699_tb_stoplight/install/_local_setup_util_sh.py'
[6.768s] INFO:colcon.colcon_core.shell:Creating prefix chain script '/home/william/ETLS699_tb_stoplight/install/setup.sh'
[6.825s] INFO:colcon.colcon_core.shell:Creating prefix script '/home/william/ETLS699_tb_stoplight/install/local_setup.bash'
[6.825s] INFO:colcon.colcon_core.shell:Creating prefix chain script '/home/william/ETLS699_tb_stoplight/install/setup.bash'
[6.882s] INFO:colcon.colcon_core.shell:Creating prefix script '/home/william/ETLS699_tb_stoplight/install/local_setup.zsh'
[6.882s] INFO:colcon.colcon_core.shell:Creating prefix chain script '/home/william/ETLS699_tb_stoplight/install/setup.zsh'
