[3.301s] DEBUG:colcon:Command line arguments: ['/usr/bin/colcon', 'build']
[3.301s] DEBUG:colcon:Parsed command line arguments: Namespace(allow_overriding=[], ament_cmake_args=None, base_paths=['.'], build_base='build', catkin_cmake_args=None, catkin_skip_building_tests=False, cmake_args=None, cmake_clean_cache=False, cmake_clean_first=False, cmake_force_configure=False, cmake_target=None, cmake_target_skip_unavailable=False, continue_on_error=False, event_handlers=None, executor='parallel', ignore_user_meta=False, install_base='install', log_base=None, log_level=None, main=<bound method BuildVerb.main of <colcon_core.verb.build.BuildVerb object at 0x7f5fc9e2d4c0>>, merge_install=False, metas=['./colcon.meta'], packages_above=None, packages_above_and_dependencies=None, packages_above_depth=None, packages_end=None, packages_ignore=None, packages_ignore_regex=None, packages_select=None, packages_select_build_failed=False, packages_select_by_dep=None, packages_select_regex=None, packages_select_test_failures=False, packages_skip=None, packages_skip_build_finished=False, packages_skip_by_dep=None, packages_skip_regex=None, packages_skip_test_passed=False, packages_skip_up_to=None, packages_start=None, packages_up_to=None, packages_up_to_regex=None, parallel_workers=12, paths=None, symlink_install=False, test_result_base=None, verb_extension=<colcon_core.verb.build.BuildVerb object at 0x7f5fc9e2d4c0>, verb_name='build', verb_parser=<colcon_defaults.argument_parser.defaults.DefaultArgumentsDecorator object at 0x7f5fca7f78b0>)
[3.423s] Level 1:colcon.colcon_core.package_discovery:discover_packages(colcon_meta) check parameters
[3.423s] Level 1:colcon.colcon_core.package_discovery:discover_packages(recursive) check parameters
[3.423s] Level 1:colcon.colcon_core.package_discovery:discover_packages(ignore) check parameters
[3.423s] Level 1:colcon.colcon_core.package_discovery:discover_packages(path) check parameters
[3.423s] Level 1:colcon.colcon_core.package_discovery:discover_packages(colcon_meta) discover
[3.423s] Level 1:colcon.colcon_core.package_discovery:discover_packages(recursive) discover
[3.423s] INFO:colcon.colcon_core.package_discovery:Crawling recursively for packages in '/home/william/ETLS699_tb_stoplight'
[3.423s] Level 1:colcon.colcon_core.package_identification:_identify(.) by extensions ['ignore', 'ignore_ament_install']
[3.423s] Level 1:colcon.colcon_core.package_identification:_identify(.) by extension 'ignore'
[3.423s] Level 1:colcon.colcon_core.package_identification:_identify(.) by extension 'ignore_ament_install'
[3.423s] Level 1:colcon.colcon_core.package_identification:_identify(.) by extensions ['colcon_pkg']
[3.423s] Level 1:colcon.colcon_core.package_identification:_identify(.) by extension 'colcon_pkg'
[3.423s] Level 1:colcon.colcon_core.package_identification:_identify(.) by extensions ['colcon_meta']
[3.424s] Level 1:colcon.colcon_core.package_identification:_identify(.) by extension 'colcon_meta'
[3.424s] Level 1:colcon.colcon_core.package_identification:_identify(.) by extensions ['ros']
[3.424s] Level 1:colcon.colcon_core.package_identification:_identify(.) by extension 'ros'
[3.437s] Level 1:colcon.colcon_core.package_identification:_identify(.) by extensions ['cmake', 'python']
[3.437s] Level 1:colcon.colcon_core.package_identification:_identify(.) by extension 'cmake'
[3.437s] Level 1:colcon.colcon_core.package_identification:_identify(.) by extension 'python'
[3.437s] Level 1:colcon.colcon_core.package_identification:_identify(.) by extensions ['python_setup_py']
[3.437s] Level 1:colcon.colcon_core.package_identification:_identify(.) by extension 'python_setup_py'
[3.437s] Level 1:colcon.colcon_core.package_identification:_identify(build) by extensions ['ignore', 'ignore_ament_install']
[3.437s] Level 1:colcon.colcon_core.package_identification:_identify(build) by extension 'ignore'
[3.437s] Level 1:colcon.colcon_core.package_identification:_identify(build) ignored
[3.437s] Level 1:colcon.colcon_core.package_identification:_identify(install) by extensions ['ignore', 'ignore_ament_install']
[3.437s] Level 1:colcon.colcon_core.package_identification:_identify(install) by extension 'ignore'
[3.437s] Level 1:colcon.colcon_core.package_identification:_identify(install) ignored
[3.438s] Level 1:colcon.colcon_core.package_identification:_identify(log) by extensions ['ignore', 'ignore_ament_install']
[3.438s] Level 1:colcon.colcon_core.package_identification:_identify(log) by extension 'ignore'
[3.438s] Level 1:colcon.colcon_core.package_identification:_identify(log) ignored
[3.438s] Level 1:colcon.colcon_core.package_identification:_identify(saved_images) by extensions ['ignore', 'ignore_ament_install']
[3.438s] Level 1:colcon.colcon_core.package_identification:_identify(saved_images) by extension 'ignore'
[3.438s] Level 1:colcon.colcon_core.package_identification:_identify(saved_images) by extension 'ignore_ament_install'
[3.438s] Level 1:colcon.colcon_core.package_identification:_identify(saved_images) by extensions ['colcon_pkg']
[3.438s] Level 1:colcon.colcon_core.package_identification:_identify(saved_images) by extension 'colcon_pkg'
[3.438s] Level 1:colcon.colcon_core.package_identification:_identify(saved_images) by extensions ['colcon_meta']
[3.438s] Level 1:colcon.colcon_core.package_identification:_identify(saved_images) by extension 'colcon_meta'
[3.439s] Level 1:colcon.colcon_core.package_identification:_identify(saved_images) by extensions ['ros']
[3.439s] Level 1:colcon.colcon_core.package_identification:_identify(saved_images) by extension 'ros'
[3.439s] Level 1:colcon.colcon_core.package_identification:_identify(saved_images) by extensions ['cmake', 'python']
[3.439s] Level 1:colcon.colcon_core.package_identification:_identify(saved_images) by extension 'cmake'
[3.439s] Level 1:colcon.colcon_core.package_identification:_identify(saved_images) by extension 'python'
[3.439s] Level 1:colcon.colcon_core.package_identification:_identify(saved_images) by extensions ['python_setup_py']
[3.439s] Level 1:colcon.colcon_core.package_identification:_identify(saved_images) by extension 'python_setup_py'
[3.439s] Level 1:colcon.colcon_core.package_identification:_identify(tb_stoplight) by extensions ['ignore', 'ignore_ament_install']
[3.439s] Level 1:colcon.colcon_core.package_identification:_identify(tb_stoplight) by extension 'ignore'
[3.439s] Level 1:colcon.colcon_core.package_identification:_identify(tb_stoplight) by extension 'ignore_ament_install'
[3.439s] Level 1:colcon.colcon_core.package_identification:_identify(tb_stoplight) by extensions ['colcon_pkg']
[3.439s] Level 1:colcon.colcon_core.package_identification:_identify(tb_stoplight) by extension 'colcon_pkg'
[3.439s] Level 1:colcon.colcon_core.package_identification:_identify(tb_stoplight) by extensions ['colcon_meta']
[3.439s] Level 1:colcon.colcon_core.package_identification:_identify(tb_stoplight) by extension 'colcon_meta'
[3.439s] Level 1:colcon.colcon_core.package_identification:_identify(tb_stoplight) by extensions ['ros']
[3.439s] Level 1:colcon.colcon_core.package_identification:_identify(tb_stoplight) by extension 'ros'
[3.443s] DEBUG:colcon.colcon_core.package_identification:Package 'tb_stoplight' with type 'ros.ament_python' and name 'tb_stoplight'
[3.443s] Level 1:colcon.colcon_core.package_identification:_identify(traffic_light_detection) by extensions ['ignore', 'ignore_ament_install']
[3.443s] Level 1:colcon.colcon_core.package_identification:_identify(traffic_light_detection) by extension 'ignore'
[3.443s] Level 1:colcon.colcon_core.package_identification:_identify(traffic_light_detection) by extension 'ignore_ament_install'
[3.443s] Level 1:colcon.colcon_core.package_identification:_identify(traffic_light_detection) by extensions ['colcon_pkg']
[3.443s] Level 1:colcon.colcon_core.package_identification:_identify(traffic_light_detection) by extension 'colcon_pkg'
[3.443s] Level 1:colcon.colcon_core.package_identification:_identify(traffic_light_detection) by extensions ['colcon_meta']
[3.443s] Level 1:colcon.colcon_core.package_identification:_identify(traffic_light_detection) by extension 'colcon_meta'
[3.443s] Level 1:colcon.colcon_core.package_identification:_identify(traffic_light_detection) by extensions ['ros']
[3.443s] Level 1:colcon.colcon_core.package_identification:_identify(traffic_light_detection) by extension 'ros'
[3.443s] Level 1:colcon.colcon_core.package_identification:_identify(traffic_light_detection) by extensions ['cmake', 'python']
[3.443s] Level 1:colcon.colcon_core.package_identification:_identify(traffic_light_detection) by extension 'cmake'
[3.443s] Level 1:colcon.colcon_core.package_identification:_identify(traffic_light_detection) by extension 'python'
[3.443s] Level 1:colcon.colcon_core.package_identification:_identify(traffic_light_detection) by extensions ['python_setup_py']
[3.443s] Level 1:colcon.colcon_core.package_identification:_identify(traffic_light_detection) by extension 'python_setup_py'
[3.444s] Level 1:colcon.colcon_core.package_identification:_identify(traffic_light_detection/CNN_1) by extensions ['ignore', 'ignore_ament_install']
[3.444s] Level 1:colcon.colcon_core.package_identification:_identify(traffic_light_detection/CNN_1) by extension 'ignore'
[3.444s] Level 1:colcon.colcon_core.package_identification:_identify(traffic_light_detection/CNN_1) by extension 'ignore_ament_install'
[3.444s] Level 1:colcon.colcon_core.package_identification:_identify(traffic_light_detection/CNN_1) by extensions ['colcon_pkg']
[3.444s] Level 1:colcon.colcon_core.package_identification:_identify(traffic_light_detection/CNN_1) by extension 'colcon_pkg'
[3.444s] Level 1:colcon.colcon_core.package_identification:_identify(traffic_light_detection/CNN_1) by extensions ['colcon_meta']
[3.444s] Level 1:colcon.colcon_core.package_identification:_identify(traffic_light_detection/CNN_1) by extension 'colcon_meta'
[3.444s] Level 1:colcon.colcon_core.package_identification:_identify(traffic_light_detection/CNN_1) by extensions ['ros']
[3.444s] Level 1:colcon.colcon_core.package_identification:_identify(traffic_light_detection/CNN_1) by extension 'ros'
[3.444s] Level 1:colcon.colcon_core.package_identification:_identify(traffic_light_detection/CNN_1) by extensions ['cmake', 'python']
[3.444s] Level 1:colcon.colcon_core.package_identification:_identify(traffic_light_detection/CNN_1) by extension 'cmake'
[3.444s] Level 1:colcon.colcon_core.package_identification:_identify(traffic_light_detection/CNN_1) by extension 'python'
[3.444s] Level 1:colcon.colcon_core.package_identification:_identify(traffic_light_detection/CNN_1) by extensions ['python_setup_py']
[3.444s] Level 1:colcon.colcon_core.package_identification:_identify(traffic_light_detection/CNN_1) by extension 'python_setup_py'
[3.444s] Level 1:colcon.colcon_core.package_identification:_identify(traffic_light_detection/CNN_1/variables) by extensions ['ignore', 'ignore_ament_install']
[3.445s] Level 1:colcon.colcon_core.package_identification:_identify(traffic_light_detection/CNN_1/variables) by extension 'ignore'
[3.445s] Level 1:colcon.colcon_core.package_identification:_identify(traffic_light_detection/CNN_1/variables) by extension 'ignore_ament_install'
[3.445s] Level 1:colcon.colcon_core.package_identification:_identify(traffic_light_detection/CNN_1/variables) by extensions ['colcon_pkg']
[3.445s] Level 1:colcon.colcon_core.package_identification:_identify(traffic_light_detection/CNN_1/variables) by extension 'colcon_pkg'
[3.445s] Level 1:colcon.colcon_core.package_identification:_identify(traffic_light_detection/CNN_1/variables) by extensions ['colcon_meta']
[3.445s] Level 1:colcon.colcon_core.package_identification:_identify(traffic_light_detection/CNN_1/variables) by extension 'colcon_meta'
[3.445s] Level 1:colcon.colcon_core.package_identification:_identify(traffic_light_detection/CNN_1/variables) by extensions ['ros']
[3.445s] Level 1:colcon.colcon_core.package_identification:_identify(traffic_light_detection/CNN_1/variables) by extension 'ros'
[3.445s] Level 1:colcon.colcon_core.package_identification:_identify(traffic_light_detection/CNN_1/variables) by extensions ['cmake', 'python']
[3.445s] Level 1:colcon.colcon_core.package_identification:_identify(traffic_light_detection/CNN_1/variables) by extension 'cmake'
[3.445s] Level 1:colcon.colcon_core.package_identification:_identify(traffic_light_detection/CNN_1/variables) by extension 'python'
[3.445s] Level 1:colcon.colcon_core.package_identification:_identify(traffic_light_detection/CNN_1/variables) by extensions ['python_setup_py']
[3.445s] Level 1:colcon.colcon_core.package_identification:_identify(traffic_light_detection/CNN_1/variables) by extension 'python_setup_py'
[3.445s] Level 1:colcon.colcon_core.package_discovery:discover_packages(recursive) using defaults
[3.445s] Level 1:colcon.colcon_core.package_discovery:discover_packages(ignore) discover
[3.445s] Level 1:colcon.colcon_core.package_discovery:discover_packages(ignore) using defaults
[3.445s] Level 1:colcon.colcon_core.package_discovery:discover_packages(path) discover
[3.445s] Level 1:colcon.colcon_core.package_discovery:discover_packages(path) using defaults
[3.760s] Level 1:colcon.colcon_core.package_discovery:discover_packages(prefix_path) check parameters
[3.761s] Level 1:colcon.colcon_core.package_discovery:discover_packages(prefix_path) discover
[3.868s] DEBUG:colcon.colcon_installed_package_information.package_discovery:Found 1 installed packages in /home/william/ETLS699_tb_stoplight/install
[3.926s] DEBUG:colcon.colcon_installed_package_information.package_discovery:Found 0 installed packages in /home/william/colcon_ws/install
[3.981s] DEBUG:colcon.colcon_installed_package_information.package_discovery:Found 334 installed packages in /opt/ros/foxy
[3.983s] Level 1:colcon.colcon_core.package_discovery:discover_packages(prefix_path) using defaults
[4.176s] Level 5:colcon.colcon_core.verb:set package 'tb_stoplight' build argument 'cmake_args' from command line to 'None'
[4.176s] Level 5:colcon.colcon_core.verb:set package 'tb_stoplight' build argument 'cmake_target' from command line to 'None'
[4.176s] Level 5:colcon.colcon_core.verb:set package 'tb_stoplight' build argument 'cmake_target_skip_unavailable' from command line to 'False'
[4.176s] Level 5:colcon.colcon_core.verb:set package 'tb_stoplight' build argument 'cmake_clean_cache' from command line to 'False'
[4.176s] Level 5:colcon.colcon_core.verb:set package 'tb_stoplight' build argument 'cmake_clean_first' from command line to 'False'
[4.176s] Level 5:colcon.colcon_core.verb:set package 'tb_stoplight' build argument 'cmake_force_configure' from command line to 'False'
[4.176s] Level 5:colcon.colcon_core.verb:set package 'tb_stoplight' build argument 'ament_cmake_args' from command line to 'None'
[4.176s] Level 5:colcon.colcon_core.verb:set package 'tb_stoplight' build argument 'catkin_cmake_args' from command line to 'None'
[4.176s] Level 5:colcon.colcon_core.verb:set package 'tb_stoplight' build argument 'catkin_skip_building_tests' from command line to 'False'
[4.176s] DEBUG:colcon.colcon_core.verb:Building package 'tb_stoplight' with the following arguments: {'ament_cmake_args': None, 'build_base': '/home/william/ETLS699_tb_stoplight/build/tb_stoplight', 'catkin_cmake_args': None, 'catkin_skip_building_tests': False, 'cmake_args': None, 'cmake_clean_cache': False, 'cmake_clean_first': False, 'cmake_force_configure': False, 'cmake_target': None, 'cmake_target_skip_unavailable': False, 'install_base': '/home/william/ETLS699_tb_stoplight/install/tb_stoplight', 'merge_install': False, 'path': '/home/william/ETLS699_tb_stoplight/tb_stoplight', 'symlink_install': False, 'test_result_base': None}
[4.222s] INFO:colcon.colcon_core.executor:Executing jobs using 'parallel' executor
[4.288s] DEBUG:colcon.colcon_parallel_executor.executor.parallel:run_until_complete
[4.288s] INFO:colcon.colcon_ros.task.ament_python.build:Building ROS package in '/home/william/ETLS699_tb_stoplight/tb_stoplight' with build type 'ament_python'
[4.289s] Level 1:colcon.colcon_core.shell:create_environment_hook('tb_stoplight', 'ament_prefix_path')
[4.341s] INFO:colcon.colcon_core.plugin_system:Skipping extension 'colcon_core.shell.bat': Not used on non-Windows systems
[4.341s] INFO:colcon.colcon_core.shell:Creating environment hook '/home/william/ETLS699_tb_stoplight/install/tb_stoplight/share/tb_stoplight/hook/ament_prefix_path.ps1'
[4.342s] INFO:colcon.colcon_core.shell:Creating environment descriptor '/home/william/ETLS699_tb_stoplight/install/tb_stoplight/share/tb_stoplight/hook/ament_prefix_path.dsv'
[4.342s] INFO:colcon.colcon_core.shell:Creating environment hook '/home/william/ETLS699_tb_stoplight/install/tb_stoplight/share/tb_stoplight/hook/ament_prefix_path.sh'
[4.393s] INFO:colcon.colcon_core.shell:Skip shell extension 'powershell' for command environment: Not usable outside of PowerShell
[4.393s] DEBUG:colcon.colcon_core.shell:Skip shell extension 'dsv' for command environment
[4.865s] INFO:colcon.colcon_core.task.python.build:Building Python package in '/home/william/ETLS699_tb_stoplight/tb_stoplight'
[4.929s] INFO:colcon.colcon_core.shell:Skip shell extension 'powershell' for command environment: Not usable outside of PowerShell
[4.929s] DEBUG:colcon.colcon_core.shell:Skip shell extension 'dsv' for command environment
[5.630s] DEBUG:colcon.colcon_core.event_handler.log_command:Invoking command in '/home/william/ETLS699_tb_stoplight/tb_stoplight': PYTHONPATH=/home/william/ETLS699_tb_stoplight/build/tb_stoplight/prefix_override:/home/william/ETLS699_tb_stoplight/install/tb_stoplight/lib/python3.8/site-packages:${PYTHONPATH} /usr/bin/python3 setup.py egg_info --egg-base ../build/tb_stoplight build --build-base /home/william/ETLS699_tb_stoplight/build/tb_stoplight/build install --record /home/william/ETLS699_tb_stoplight/build/tb_stoplight/install.log --install-scripts $base/lib/tb_stoplight --single-version-externally-managed
[6.014s] DEBUG:colcon.colcon_core.event_handler.log_command:Invoked command in '/home/william/ETLS699_tb_stoplight/tb_stoplight' returned '0': PYTHONPATH=/home/william/ETLS699_tb_stoplight/build/tb_stoplight/prefix_override:/home/william/ETLS699_tb_stoplight/install/tb_stoplight/lib/python3.8/site-packages:${PYTHONPATH} /usr/bin/python3 setup.py egg_info --egg-base ../build/tb_stoplight build --build-base /home/william/ETLS699_tb_stoplight/build/tb_stoplight/build install --record /home/william/ETLS699_tb_stoplight/build/tb_stoplight/install.log --install-scripts $base/lib/tb_stoplight --single-version-externally-managed
[6.077s] Level 1:colcon.colcon_core.environment:checking '/home/william/ETLS699_tb_stoplight/install/tb_stoplight' for CMake module files
[6.078s] Level 1:colcon.colcon_core.environment:checking '/home/william/ETLS699_tb_stoplight/install/tb_stoplight' for CMake config files
[6.079s] Level 1:colcon.colcon_core.environment:checking '/home/william/ETLS699_tb_stoplight/install/tb_stoplight/lib'
[6.079s] Level 1:colcon.colcon_core.environment:checking '/home/william/ETLS699_tb_stoplight/install/tb_stoplight/bin'
[6.079s] Level 1:colcon.colcon_core.environment:checking '/home/william/ETLS699_tb_stoplight/install/tb_stoplight/lib/pkgconfig/tb_stoplight.pc'
[6.079s] Level 1:colcon.colcon_core.environment:checking '/home/william/ETLS699_tb_stoplight/install/tb_stoplight/lib/python3.8/site-packages'
[6.079s] Level 1:colcon.colcon_core.shell:create_environment_hook('tb_stoplight', 'pythonpath')
[6.134s] INFO:colcon.colcon_core.shell:Creating environment hook '/home/william/ETLS699_tb_stoplight/install/tb_stoplight/share/tb_stoplight/hook/pythonpath.ps1'
[6.134s] INFO:colcon.colcon_core.shell:Creating environment descriptor '/home/william/ETLS699_tb_stoplight/install/tb_stoplight/share/tb_stoplight/hook/pythonpath.dsv'
[6.135s] INFO:colcon.colcon_core.shell:Creating environment hook '/home/william/ETLS699_tb_stoplight/install/tb_stoplight/share/tb_stoplight/hook/pythonpath.sh'
[6.135s] Level 1:colcon.colcon_core.environment:checking '/home/william/ETLS699_tb_stoplight/install/tb_stoplight/bin'
[6.135s] Level 1:colcon.colcon_core.environment:create_environment_scripts_only(tb_stoplight)
[6.189s] INFO:colcon.colcon_core.shell:Creating package script '/home/william/ETLS699_tb_stoplight/install/tb_stoplight/share/tb_stoplight/package.ps1'
[6.190s] INFO:colcon.colcon_core.shell:Creating package descriptor '/home/william/ETLS699_tb_stoplight/install/tb_stoplight/share/tb_stoplight/package.dsv'
[6.191s] INFO:colcon.colcon_core.shell:Creating package script '/home/william/ETLS699_tb_stoplight/install/tb_stoplight/share/tb_stoplight/package.sh'
[6.192s] INFO:colcon.colcon_core.shell:Creating package script '/home/william/ETLS699_tb_stoplight/install/tb_stoplight/share/tb_stoplight/package.bash'
[6.193s] INFO:colcon.colcon_core.shell:Creating package script '/home/william/ETLS699_tb_stoplight/install/tb_stoplight/share/tb_stoplight/package.zsh'
[6.193s] Level 1:colcon.colcon_core.environment:create_file_with_runtime_dependencies(/home/william/ETLS699_tb_stoplight/install/tb_stoplight/share/colcon-core/packages/tb_stoplight)
[6.194s] DEBUG:colcon.colcon_parallel_executor.executor.parallel:closing loop
[6.194s] DEBUG:colcon.colcon_parallel_executor.executor.parallel:loop closed
[6.194s] DEBUG:colcon.colcon_parallel_executor.executor.parallel:run_until_complete finished with '0'
[6.194s] DEBUG:colcon.colcon_core.event_reactor:joining thread
[6.254s] INFO:colcon.colcon_core.plugin_system:Skipping extension 'colcon_notification.desktop_notification.terminal_notifier': Not used on non-Darwin systems
[6.255s] INFO:colcon.colcon_core.plugin_system:Skipping extension 'colcon_notification.desktop_notification.win32': Not used on non-Windows systems
[6.255s] INFO:colcon.colcon_notification.desktop_notification:Sending desktop notification using 'notify2'
[6.271s] DEBUG:colcon.colcon_core.event_reactor:joined thread
[6.363s] INFO:colcon.colcon_core.shell:Creating prefix script '/home/william/ETLS699_tb_stoplight/install/local_setup.ps1'
[6.365s] INFO:colcon.colcon_core.shell:Creating prefix util module '/home/william/ETLS699_tb_stoplight/install/_local_setup_util_ps1.py'
[6.368s] INFO:colcon.colcon_core.shell:Creating prefix chain script '/home/william/ETLS699_tb_stoplight/install/setup.ps1'
[6.425s] INFO:colcon.colcon_core.shell:Creating prefix script '/home/william/ETLS699_tb_stoplight/install/local_setup.sh'
[6.426s] INFO:colcon.colcon_core.shell:Creating prefix util module '/home/william/ETLS699_tb_stoplight/install/_local_setup_util_sh.py'
[6.426s] INFO:colcon.colcon_core.shell:Creating prefix chain script '/home/william/ETLS699_tb_stoplight/install/setup.sh'
[6.480s] INFO:colcon.colcon_core.shell:Creating prefix script '/home/william/ETLS699_tb_stoplight/install/local_setup.bash'
[6.481s] INFO:colcon.colcon_core.shell:Creating prefix chain script '/home/william/ETLS699_tb_stoplight/install/setup.bash'
[6.535s] INFO:colcon.colcon_core.shell:Creating prefix script '/home/william/ETLS699_tb_stoplight/install/local_setup.zsh'
[6.536s] INFO:colcon.colcon_core.shell:Creating prefix chain script '/home/william/ETLS699_tb_stoplight/install/setup.zsh'
